<?xml version="1.0" encoding="UTF-8"?>
<!-- Generated by org.testng.reporters.JUnitReportReporter -->
<testsuite hostname="LAPTOP-JDSHQ685" failures="0" tests="1" name="pojo231dec.Deserialization" time="14.599" errors="0" timestamp="2024-12-31T15:53:11 IST" skipped="0">
  <testcase classname="pojo231dec.Deserialization" name="usingpostpojo" time="14.599"/>
</testsuite> <!-- pojo231dec.Deserialization -->
