<?xml version="1.0" encoding="UTF-8"?>
<!-- Generated by org.testng.reporters.JUnitReportReporter -->
<testsuite hostname="LAPTOP-JDSHQ685" failures="0" tests="1" name="pojo.Serialization" time="3.150" errors="0" timestamp="2024-12-30T15:27:42 IST" skipped="0">
  <testcase classname="pojo.Serialization" name="serializationEx" time="3.150"/>
</testsuite> <!-- pojo.Serialization -->
