<?xml version="1.0" encoding="UTF-8"?>
<!-- Generated by org.testng.reporters.JUnitReportReporter -->
<testsuite hostname="LAPTOP-JDSHQ685" failures="0" tests="1" name="pojo.Deserialization" time="2.449" errors="0" timestamp="2024-12-30T15:50:44 IST" skipped="0">
  <testcase classname="pojo.Deserialization" name="deerializationEx" time="2.449"/>
</testsuite> <!-- pojo.Deserialization -->
