<?xml version="1.0" encoding="UTF-8"?>
<!-- Generated by org.testng.reporters.JUnitReportReporter -->
<testsuite hostname="LAPTOP-JDSHQ685" failures="0" tests="5" name="restassured.Headers17dec" time="6.907" errors="0" timestamp="2024-12-18T13:56:51 IST" skipped="0">
  <testcase classname="restassured.Headers17dec" name="facebook" time="0.394"/>
  <testcase classname="restassured.Headers17dec" name="flipkart" time="2.592"/>
  <testcase classname="restassured.Headers17dec" name="Google" time="3.229"/>
  <testcase classname="restassured.Headers17dec" name="ammazon" time="0.691"/>
  <testcase classname="restassured.Headers17dec" name="headers" time="0.001"/>
</testsuite> <!-- restassured.Headers17dec -->
