<?xml version="1.0" encoding="UTF-8"?>
<!-- Generated by org.testng.reporters.JUnitReportReporter -->
<testsuite hostname="LAPTOP-JDSHQ685" failures="0" tests="1" name="restassured.Basictest9dec" time="10.758" errors="0" timestamp="2024-12-18T14:18:13 IST" skipped="0">
  <testcase classname="restassured.Basictest9dec" name="getdetails" time="10.758"/>
</testsuite> <!-- restassured.Basictest9dec -->
