<?xml version="1.0" encoding="UTF-8"?>
<!-- Generated by org.testng.reporters.JUnitReportReporter -->
<testsuite hostname="LAPTOP-JDSHQ685" failures="0" tests="1" name="restassured.Post12dec" time="4.120" errors="0" timestamp="2024-12-11T16:44:48 IST" skipped="0">
  <testcase classname="restassured.Post12dec" name="getdetails" time="4.120"/>
</testsuite> <!-- restassured.Post12dec -->
