<?xml version="1.0" encoding="UTF-8"?>
<!-- Generated by org.testng.reporters.JUnitReportReporter -->
<testsuite hostname="LAPTOP-JDSHQ685" failures="0" tests="1" name="pojo231dec.Mappojo" time="13.765" errors="0" timestamp="2024-12-31T15:57:42 IST" skipped="0">
  <testcase classname="pojo231dec.Mappojo" name="usingpostmap" time="13.765"/>
</testsuite> <!-- pojo231dec.Mappojo -->
